
> spring-ai-alibaba-nl2sql-web-ui@1.0.0 dev
> vite --host

[33mThe CJS build of Vite's Node API is deprecated. See https://vite.dev/guide/troubleshooting.html#vite-cjs-node-api-deprecated for more details.[39m
Port 3000 is in use, trying another one...

  VITE v5.4.19  ready in 204 ms

  ➜  Local:   http://localhost:3001/
  ➜  Network: http://192.168.0.17:3001/
  ➜  Network: http://169.254.55.155:3001/
  ➜  press h + enter to show help

> spring-ai-alibaba-nl2sql-web-ui@1.0.0 dev
> vite --host

[33mThe CJS build of Vite's Node API is deprecated. See https://vite.dev/guide/troubleshooting.html#vite-cjs-node-api-deprecated for more details.[39m
Port 3000 is in use, trying another one...

  VITE v5.4.19  ready in 350 ms

  ➜  Local:   http://localhost:3001/
  ➜  Network: http://169.254.252.215:3001/
  ➜  Network: http://192.168.0.17:3001/
  ➜  press h + enter to show help
12:37:21 [vite] http proxy error: /api/agent
AggregateError [ECONNREFUSED]: 
    at internalConnectMultiple (node:net:1134:18)
    at afterConnectMultiple (node:net:1715:7)

> spring-ai-alibaba-nl2sql-web-ui@1.0.0 dev
> vite --host

[33mThe CJS build of Vite's Node API is deprecated. See https://vite.dev/guide/troubleshooting.html#vite-cjs-node-api-deprecated for more details.[39m
Port 3000 is in use, trying another one...

  VITE v5.4.19  ready in 135 ms

  ➜  Local:   http://localhost:3001/
  ➜  Network: http://169.254.252.215:3001/
  ➜  Network: http://192.168.0.17:3001/
  ➜  press h + enter to show help
14:34:49 [vite] http proxy error: /api/agent/1
AggregateError [ECONNREFUSED]: 
    at internalConnectMultiple (node:net:1122:18)
    at afterConnectMultiple (node:net:1689:7)
14:34:52 [vite] http proxy error: /api/agent
AggregateError [ECONNREFUSED]: 
    at internalConnectMultiple (node:net:1122:18)
    at afterConnectMultiple (node:net:1689:7)
14:34:56 [vite] http proxy error: /api/agent
AggregateError [ECONNREFUSED]: 
    at internalConnectMultiple (node:net:1122:18)
    at afterConnectMultiple (node:net:1689:7)
14:35:15 [vite] http proxy error: /api/agent
AggregateError [ECONNREFUSED]: 
    at internalConnectMultiple (node:net:1122:18)
    at afterConnectMultiple (node:net:1689:7)
14:37:42 [vite] http proxy error: /api/agent
AggregateError [ECONNREFUSED]: 
    at internalConnectMultiple (node:net:1122:18)
    at afterConnectMultiple (node:net:1689:7)
16:59:12 [vite] http proxy error: /api/agent/1
AggregateError [ECONNREFUSED]: 
    at internalConnectMultiple (node:net:1122:18)
    at afterConnectMultiple (node:net:1689:7)
17:03:16 [vite] http proxy error: /api/agent/1
AggregateError [ECONNREFUSED]: 
    at internalConnectMultiple (node:net:1122:18)
    at afterConnectMultiple (node:net:1689:7)
17:05:30 [vite] http proxy error: /api/agent/1
AggregateError [ECONNREFUSED]: 
    at internalConnectMultiple (node:net:1122:18)
    at afterConnectMultiple (node:net:1689:7)
17:07:34 [vite] http proxy error: /api/agent/1
AggregateError [ECONNREFUSED]: 
    at internalConnectMultiple (node:net:1122:18)
    at afterConnectMultiple (node:net:1689:7)
17:14:18 [vite] http proxy error: /api/agent/1
AggregateError [ECONNREFUSED]: 
    at internalConnectMultiple (node:net:1122:18)
    at afterConnectMultiple (node:net:1689:7)
17:15:44 [vite] http proxy error: /api/agent/1
AggregateError [ECONNREFUSED]: 
    at internalConnectMultiple (node:net:1122:18)
    at afterConnectMultiple (node:net:1689:7)
17:19:36 [vite] http proxy error: /api/agent/1
AggregateError [ECONNREFUSED]: 
    at internalConnectMultiple (node:net:1122:18)
    at afterConnectMultiple (node:net:1689:7)
17:35:39 [vite] http proxy error: /api/agent/1
AggregateError [ECONNREFUSED]: 
    at internalConnectMultiple (node:net:1122:18)
    at afterConnectMultiple (node:net:1689:7)
17:51:36 [vite] http proxy error: /api/agent/1
AggregateError [ECONNREFUSED]: 
    at internalConnectMultiple (node:net:1122:18)
    at afterConnectMultiple (node:net:1689:7)
18:15:45 [vite] http proxy error: /api/agent/1
AggregateError [ECONNREFUSED]: 
    at internalConnectMultiple (node:net:1122:18)
    at afterConnectMultiple (node:net:1689:7)
18:16:44 [vite] http proxy error: /api/agent/1
AggregateError [ECONNREFUSED]: 
    at internalConnectMultiple (node:net:1122:18)
    at afterConnectMultiple (node:net:1689:7)
19:02:15 [vite] http proxy error: /api/agent/1
AggregateError [ECONNREFUSED]: 
    at internalConnectMultiple (node:net:1122:18)
    at afterConnectMultiple (node:net:1689:7)
19:04:18 [vite] http proxy error: /api/agent/1
AggregateError [ECONNREFUSED]: 
    at internalConnectMultiple (node:net:1122:18)
    at afterConnectMultiple (node:net:1689:7)
19:05:17 [vite] http proxy error: /api/agent/1
AggregateError [ECONNREFUSED]: 
    at internalConnectMultiple (node:net:1122:18)
    at afterConnectMultiple (node:net:1689:7)
19:06:16 [vite] http proxy error: /api/agent/1
Error: read ECONNRESET
    at TCP.onStreamRead (node:internal/stream_base_commons:218:20)
19:07:15 [vite] http proxy error: /api/agent/1
AggregateError [ECONNREFUSED]: 
    at internalConnectMultiple (node:net:1122:18)
    at afterConnectMultiple (node:net:1689:7)
19:13:14 [vite] http proxy error: /api/agent/1
AggregateError [ECONNREFUSED]: 
    at internalConnectMultiple (node:net:1122:18)
    at afterConnectMultiple (node:net:1689:7)
19:19:18 [vite] http proxy error: /api/agent/1
AggregateError [ECONNREFUSED]: 
    at internalConnectMultiple (node:net:1122:18)
    at afterConnectMultiple (node:net:1689:7)
